<?xml version="1.0" encoding="UTF-8"?>
<!-- Generated by org.testng.reporters.JUnitReportReporter -->
<testsuite hostname="a05a120d459151e" failures="0" tests="1" name="com.ust.test.FirstTest" time="13.055" errors="0" timestamp="2023-03-30T16:40:35 IST" skipped="0">
  <testcase classname="com.ust.test.FirstTest" name="TesTGoogle" time="13.055"/>
  <system-out/>
</testsuite> <!-- com.ust.test.FirstTest -->
